2019-07-19 00:08:52,659 CRIT Supervisor is running as root.  Privileges were not dropped because no user is specified in the config file.  If you intend to run as root, you can set user=root in the config file to avoid this message.
2019-07-19 00:08:52,666 INFO RPC interface 'supervisor' initialized
2019-07-19 00:08:52,666 CRIT Server 'unix_http_server' running without any HTTP authentication checking
2019-07-19 00:08:52,674 INFO daemonizing the supervisord process
2019-07-19 00:08:52,675 INFO supervisord started with pid 21735
2019-07-19 00:08:53,679 INFO spawned: 'celery' with pid 21739
2019-07-19 00:08:53,694 INFO spawned: 'schedule' with pid 21740
2019-07-19 00:08:53,696 INFO spawned: 'uwsgi' with pid 21741
2019-07-19 00:08:54,758 INFO success: celery entered RUNNING state, process has stayed up for > than 1 seconds (startsecs)
2019-07-19 00:08:54,758 INFO success: schedule entered RUNNING state, process has stayed up for > than 1 seconds (startsecs)
2019-07-19 00:08:54,758 INFO success: uwsgi entered RUNNING state, process has stayed up for > than 1 seconds (startsecs)
2019-07-19 00:11:53,729 CRIT Supervisor is running as root.  Privileges were not dropped because no user is specified in the config file.  If you intend to run as root, you can set user=root in the config file to avoid this message.
2019-07-19 00:11:53,736 INFO RPC interface 'supervisor' initialized
2019-07-19 00:11:53,736 CRIT Server 'unix_http_server' running without any HTTP authentication checking
2019-07-19 00:11:53,744 INFO daemonizing the supervisord process
2019-07-19 00:11:53,745 INFO supervisord started with pid 22619
2019-07-19 00:11:54,749 INFO spawned: 'celery' with pid 22623
2019-07-19 00:11:54,752 INFO spawned: 'schedule' with pid 22624
2019-07-19 00:11:54,755 INFO spawned: 'uwsgi' with pid 22625
2019-07-19 00:11:55,952 INFO success: celery entered RUNNING state, process has stayed up for > than 1 seconds (startsecs)
2019-07-19 00:11:55,952 INFO success: schedule entered RUNNING state, process has stayed up for > than 1 seconds (startsecs)
2019-07-19 00:11:55,952 INFO success: uwsgi entered RUNNING state, process has stayed up for > than 1 seconds (startsecs)
2019-07-19 02:35:39,392 CRIT Supervisor is running as root.  Privileges were not dropped because no user is specified in the config file.  If you intend to run as root, you can set user=root in the config file to avoid this message.
2019-07-19 02:35:39,400 INFO RPC interface 'supervisor' initialized
2019-07-19 02:35:39,400 CRIT Server 'unix_http_server' running without any HTTP authentication checking
2019-07-19 02:35:39,407 INFO daemonizing the supervisord process
2019-07-19 02:35:39,408 INFO supervisord started with pid 55125
2019-07-19 02:35:40,417 INFO spawned: 'celery' with pid 55129
2019-07-19 02:35:40,420 INFO spawned: 'schedule' with pid 55130
2019-07-19 02:35:40,423 INFO spawned: 'uwsgi' with pid 55131
2019-07-19 02:35:41,528 INFO success: celery entered RUNNING state, process has stayed up for > than 1 seconds (startsecs)
2019-07-19 02:35:41,528 INFO success: schedule entered RUNNING state, process has stayed up for > than 1 seconds (startsecs)
2019-07-19 02:35:41,529 INFO success: uwsgi entered RUNNING state, process has stayed up for > than 1 seconds (startsecs)
2019-07-19 02:35:41,905 INFO exited: schedule (exit status 1; not expected)
2019-07-19 02:35:42,036 INFO spawned: 'schedule' with pid 55152
2019-07-19 02:35:42,712 INFO exited: schedule (exit status 1; not expected)
2019-07-19 02:35:44,521 INFO spawned: 'schedule' with pid 55195
2019-07-19 02:35:44,932 INFO exited: schedule (exit status 1; not expected)
2019-07-19 02:35:46,937 INFO spawned: 'schedule' with pid 55209
2019-07-19 02:35:47,334 INFO exited: schedule (exit status 1; not expected)
2019-07-19 02:35:50,341 INFO spawned: 'schedule' with pid 55231
2019-07-19 02:35:50,717 INFO exited: schedule (exit status 1; not expected)
2019-07-19 02:35:54,729 INFO spawned: 'schedule' with pid 55249
2019-07-19 02:35:55,093 INFO exited: schedule (exit status 1; not expected)
2019-07-19 02:36:00,108 INFO spawned: 'schedule' with pid 55268
2019-07-19 02:36:00,478 INFO exited: schedule (exit status 1; not expected)
2019-07-19 02:36:06,497 INFO spawned: 'schedule' with pid 55293
2019-07-19 02:36:06,863 INFO exited: schedule (exit status 1; not expected)
2019-07-19 02:36:13,882 INFO spawned: 'schedule' with pid 55364
2019-07-19 02:36:14,253 INFO exited: schedule (exit status 1; not expected)
2019-07-19 02:36:22,273 INFO spawned: 'schedule' with pid 55398
2019-07-19 02:36:22,651 INFO exited: schedule (exit status 1; not expected)
2019-07-19 02:58:26,130 CRIT Supervisor is running as root.  Privileges were not dropped because no user is specified in the config file.  If you intend to run as root, you can set user=root in the config file to avoid this message.
2019-07-19 02:58:26,137 INFO RPC interface 'supervisor' initialized
2019-07-19 02:58:26,138 CRIT Server 'unix_http_server' running without any HTTP authentication checking
2019-07-19 02:58:26,145 INFO daemonizing the supervisord process
2019-07-19 02:58:26,146 INFO supervisord started with pid 61401
2019-07-19 02:58:27,150 INFO spawned: 'celery' with pid 61406
2019-07-19 02:58:27,153 INFO spawned: 'schedule' with pid 61407
2019-07-19 02:58:27,155 INFO spawned: 'uwsgi' with pid 61408
2019-07-19 02:58:28,232 INFO success: celery entered RUNNING state, process has stayed up for > than 1 seconds (startsecs)
2019-07-19 02:58:28,232 INFO success: schedule entered RUNNING state, process has stayed up for > than 1 seconds (startsecs)
2019-07-19 02:58:28,232 INFO success: uwsgi entered RUNNING state, process has stayed up for > than 1 seconds (startsecs)
2019-07-19 03:35:56,986 CRIT Supervisor is running as root.  Privileges were not dropped because no user is specified in the config file.  If you intend to run as root, you can set user=root in the config file to avoid this message.
2019-07-19 03:35:57,001 INFO RPC interface 'supervisor' initialized
2019-07-19 03:35:57,001 CRIT Server 'unix_http_server' running without any HTTP authentication checking
2019-07-19 03:35:57,014 INFO daemonizing the supervisord process
2019-07-19 03:35:57,017 INFO supervisord started with pid 70141
2019-07-19 03:35:58,022 INFO spawned: 'celery' with pid 70145
2019-07-19 03:35:58,032 INFO spawned: 'schedule' with pid 70146
2019-07-19 03:35:58,068 INFO spawned: 'uwsgi' with pid 70147
2019-07-19 03:35:59,424 INFO success: celery entered RUNNING state, process has stayed up for > than 1 seconds (startsecs)
2019-07-19 03:35:59,425 INFO success: schedule entered RUNNING state, process has stayed up for > than 1 seconds (startsecs)
2019-07-19 03:35:59,425 INFO success: uwsgi entered RUNNING state, process has stayed up for > than 1 seconds (startsecs)
2019-07-19 03:45:58,042 CRIT Supervisor is running as root.  Privileges were not dropped because no user is specified in the config file.  If you intend to run as root, you can set user=root in the config file to avoid this message.
2019-07-19 03:45:58,050 INFO RPC interface 'supervisor' initialized
2019-07-19 03:45:58,050 CRIT Server 'unix_http_server' running without any HTTP authentication checking
2019-07-19 03:45:58,058 INFO daemonizing the supervisord process
2019-07-19 03:45:58,062 INFO supervisord started with pid 72563
2019-07-19 03:45:59,065 INFO spawned: 'celery' with pid 72568
2019-07-19 03:45:59,068 INFO spawned: 'schedule' with pid 72569
2019-07-19 03:45:59,072 INFO spawned: 'uwsgi' with pid 72570
2019-07-19 03:46:00,172 INFO success: celery entered RUNNING state, process has stayed up for > than 1 seconds (startsecs)
2019-07-19 03:46:00,172 INFO success: schedule entered RUNNING state, process has stayed up for > than 1 seconds (startsecs)
2019-07-19 03:46:00,172 INFO success: uwsgi entered RUNNING state, process has stayed up for > than 1 seconds (startsecs)
2019-07-19 03:47:25,995 CRIT Supervisor is running as root.  Privileges were not dropped because no user is specified in the config file.  If you intend to run as root, you can set user=root in the config file to avoid this message.
2019-07-19 03:47:26,003 INFO RPC interface 'supervisor' initialized
2019-07-19 03:47:26,003 CRIT Server 'unix_http_server' running without any HTTP authentication checking
2019-07-19 03:47:26,011 INFO daemonizing the supervisord process
2019-07-19 03:47:26,012 INFO supervisord started with pid 73028
2019-07-19 03:47:27,018 INFO spawned: 'celery' with pid 73032
2019-07-19 03:47:27,021 INFO spawned: 'schedule' with pid 73033
2019-07-19 03:47:27,023 INFO spawned: 'uwsgi' with pid 73034
2019-07-19 03:47:28,087 INFO success: celery entered RUNNING state, process has stayed up for > than 1 seconds (startsecs)
2019-07-19 03:47:28,088 INFO success: schedule entered RUNNING state, process has stayed up for > than 1 seconds (startsecs)
2019-07-19 03:47:28,088 INFO success: uwsgi entered RUNNING state, process has stayed up for > than 1 seconds (startsecs)
2019-07-19 04:07:50,692 CRIT Supervisor is running as root.  Privileges were not dropped because no user is specified in the config file.  If you intend to run as root, you can set user=root in the config file to avoid this message.
2019-07-19 04:07:50,700 INFO RPC interface 'supervisor' initialized
2019-07-19 04:07:50,700 CRIT Server 'unix_http_server' running without any HTTP authentication checking
2019-07-19 04:07:50,708 INFO daemonizing the supervisord process
2019-07-19 04:07:50,709 INFO supervisord started with pid 77875
2019-07-19 04:07:51,714 INFO spawned: 'celery' with pid 77879
2019-07-19 04:07:51,718 INFO spawned: 'schedule' with pid 77880
2019-07-19 04:07:51,721 INFO spawned: 'uwsgi' with pid 77881
2019-07-19 04:07:52,822 INFO success: celery entered RUNNING state, process has stayed up for > than 1 seconds (startsecs)
2019-07-19 04:07:52,823 INFO success: schedule entered RUNNING state, process has stayed up for > than 1 seconds (startsecs)
2019-07-19 04:07:52,823 INFO success: uwsgi entered RUNNING state, process has stayed up for > than 1 seconds (startsecs)
2019-07-19 04:10:51,300 CRIT Supervisor is running as root.  Privileges were not dropped because no user is specified in the config file.  If you intend to run as root, you can set user=root in the config file to avoid this message.
2019-07-19 04:10:51,307 INFO RPC interface 'supervisor' initialized
2019-07-19 04:10:51,307 CRIT Server 'unix_http_server' running without any HTTP authentication checking
2019-07-19 04:10:51,315 INFO daemonizing the supervisord process
2019-07-19 04:10:51,316 INFO supervisord started with pid 78779
2019-07-19 04:10:52,321 INFO spawned: 'celery' with pid 78783
2019-07-19 04:10:52,323 INFO spawned: 'schedule' with pid 78784
2019-07-19 04:10:52,325 INFO spawned: 'uwsgi' with pid 78785
2019-07-19 04:10:53,399 INFO success: celery entered RUNNING state, process has stayed up for > than 1 seconds (startsecs)
2019-07-19 04:10:53,399 INFO success: schedule entered RUNNING state, process has stayed up for > than 1 seconds (startsecs)
2019-07-19 04:10:53,399 INFO success: uwsgi entered RUNNING state, process has stayed up for > than 1 seconds (startsecs)
2019-07-19 04:28:32,081 CRIT Supervisor is running as root.  Privileges were not dropped because no user is specified in the config file.  If you intend to run as root, you can set user=root in the config file to avoid this message.
2019-07-19 04:28:32,092 INFO RPC interface 'supervisor' initialized
2019-07-19 04:28:32,092 CRIT Server 'unix_http_server' running without any HTTP authentication checking
2019-07-19 04:28:32,108 INFO daemonizing the supervisord process
2019-07-19 04:28:32,109 INFO supervisord started with pid 83093
2019-07-19 04:28:33,114 INFO spawned: 'celery' with pid 83120
2019-07-19 04:28:33,116 INFO spawned: 'schedule' with pid 83121
2019-07-19 04:28:33,119 INFO spawned: 'uwsgi' with pid 83122
2019-07-19 04:28:34,230 INFO success: celery entered RUNNING state, process has stayed up for > than 1 seconds (startsecs)
2019-07-19 04:28:34,230 INFO success: schedule entered RUNNING state, process has stayed up for > than 1 seconds (startsecs)
2019-07-19 04:28:34,230 INFO success: uwsgi entered RUNNING state, process has stayed up for > than 1 seconds (startsecs)
2019-07-19 04:35:32,931 CRIT Supervisor is running as root.  Privileges were not dropped because no user is specified in the config file.  If you intend to run as root, you can set user=root in the config file to avoid this message.
2019-07-19 04:35:32,940 INFO RPC interface 'supervisor' initialized
2019-07-19 04:35:32,940 CRIT Server 'unix_http_server' running without any HTTP authentication checking
2019-07-19 04:35:32,949 INFO daemonizing the supervisord process
2019-07-19 04:35:32,950 INFO supervisord started with pid 84836
2019-07-19 04:35:33,954 INFO spawned: 'celery' with pid 84840
2019-07-19 04:35:33,956 INFO spawned: 'schedule' with pid 84841
2019-07-19 04:35:33,959 INFO spawned: 'uwsgi' with pid 84842
2019-07-19 04:35:35,071 INFO success: celery entered RUNNING state, process has stayed up for > than 1 seconds (startsecs)
2019-07-19 04:35:35,072 INFO success: schedule entered RUNNING state, process has stayed up for > than 1 seconds (startsecs)
2019-07-19 04:35:35,072 INFO success: uwsgi entered RUNNING state, process has stayed up for > than 1 seconds (startsecs)
2019-07-19 04:45:39,996 CRIT Supervisor is running as root.  Privileges were not dropped because no user is specified in the config file.  If you intend to run as root, you can set user=root in the config file to avoid this message.
2019-07-19 04:45:40,006 INFO RPC interface 'supervisor' initialized
2019-07-19 04:45:40,006 CRIT Server 'unix_http_server' running without any HTTP authentication checking
2019-07-19 04:45:40,014 INFO daemonizing the supervisord process
2019-07-19 04:45:40,015 INFO supervisord started with pid 87376
2019-07-19 04:45:41,018 INFO spawned: 'celery' with pid 87380
2019-07-19 04:45:41,020 INFO spawned: 'schedule' with pid 87381
2019-07-19 04:45:41,022 INFO spawned: 'uwsgi' with pid 87382
2019-07-19 04:45:42,126 INFO success: celery entered RUNNING state, process has stayed up for > than 1 seconds (startsecs)
2019-07-19 04:45:42,126 INFO success: schedule entered RUNNING state, process has stayed up for > than 1 seconds (startsecs)
2019-07-19 04:45:42,126 INFO success: uwsgi entered RUNNING state, process has stayed up for > than 1 seconds (startsecs)
2019-07-19 05:00:18,234 CRIT Supervisor is running as root.  Privileges were not dropped because no user is specified in the config file.  If you intend to run as root, you can set user=root in the config file to avoid this message.
2019-07-19 05:00:18,242 INFO RPC interface 'supervisor' initialized
2019-07-19 05:00:18,243 CRIT Server 'unix_http_server' running without any HTTP authentication checking
2019-07-19 05:00:18,251 INFO daemonizing the supervisord process
2019-07-19 05:00:18,252 INFO supervisord started with pid 91001
2019-07-19 05:00:19,256 INFO spawned: 'celery' with pid 91005
2019-07-19 05:00:19,258 INFO spawned: 'schedule' with pid 91006
2019-07-19 05:00:19,260 INFO spawned: 'uwsgi' with pid 91007
2019-07-19 05:00:20,340 INFO success: celery entered RUNNING state, process has stayed up for > than 1 seconds (startsecs)
2019-07-19 05:00:20,341 INFO success: schedule entered RUNNING state, process has stayed up for > than 1 seconds (startsecs)
2019-07-19 05:00:20,341 INFO success: uwsgi entered RUNNING state, process has stayed up for > than 1 seconds (startsecs)
2019-07-19 05:25:44,393 CRIT Supervisor is running as root.  Privileges were not dropped because no user is specified in the config file.  If you intend to run as root, you can set user=root in the config file to avoid this message.
2019-07-19 05:25:44,402 INFO RPC interface 'supervisor' initialized
2019-07-19 05:25:44,402 CRIT Server 'unix_http_server' running without any HTTP authentication checking
2019-07-19 05:25:44,411 INFO daemonizing the supervisord process
2019-07-19 05:25:44,412 INFO supervisord started with pid 96889
2019-07-19 05:25:45,415 INFO spawned: 'celery' with pid 96894
2019-07-19 05:25:45,418 INFO spawned: 'schedule' with pid 96895
2019-07-19 05:25:45,420 INFO spawned: 'uwsgi' with pid 96896
2019-07-19 05:25:46,571 INFO success: celery entered RUNNING state, process has stayed up for > than 1 seconds (startsecs)
2019-07-19 05:25:46,572 INFO success: schedule entered RUNNING state, process has stayed up for > than 1 seconds (startsecs)
2019-07-19 05:25:46,572 INFO success: uwsgi entered RUNNING state, process has stayed up for > than 1 seconds (startsecs)
2019-07-19 05:27:35,703 CRIT Supervisor is running as root.  Privileges were not dropped because no user is specified in the config file.  If you intend to run as root, you can set user=root in the config file to avoid this message.
2019-07-19 05:27:35,711 INFO RPC interface 'supervisor' initialized
2019-07-19 05:27:35,711 CRIT Server 'unix_http_server' running without any HTTP authentication checking
2019-07-19 05:27:35,719 INFO daemonizing the supervisord process
2019-07-19 05:27:35,720 INFO supervisord started with pid 97504
2019-07-19 05:27:36,723 INFO spawned: 'celery' with pid 97508
2019-07-19 05:27:36,726 INFO spawned: 'schedule' with pid 97509
2019-07-19 05:27:36,728 INFO spawned: 'uwsgi' with pid 97510
2019-07-19 05:27:37,799 INFO success: celery entered RUNNING state, process has stayed up for > than 1 seconds (startsecs)
2019-07-19 05:27:37,799 INFO success: schedule entered RUNNING state, process has stayed up for > than 1 seconds (startsecs)
2019-07-19 05:27:37,800 INFO success: uwsgi entered RUNNING state, process has stayed up for > than 1 seconds (startsecs)
2019-07-19 05:31:29,566 CRIT Supervisor is running as root.  Privileges were not dropped because no user is specified in the config file.  If you intend to run as root, you can set user=root in the config file to avoid this message.
2019-07-19 05:31:29,573 INFO RPC interface 'supervisor' initialized
2019-07-19 05:31:29,573 CRIT Server 'unix_http_server' running without any HTTP authentication checking
2019-07-19 05:31:29,582 INFO daemonizing the supervisord process
2019-07-19 05:31:29,583 INFO supervisord started with pid 98518
2019-07-19 05:31:30,588 INFO spawned: 'celery' with pid 98522
2019-07-19 05:31:30,590 INFO spawned: 'schedule' with pid 98523
2019-07-19 05:31:30,592 INFO spawned: 'uwsgi' with pid 98524
2019-07-19 05:31:31,668 INFO success: celery entered RUNNING state, process has stayed up for > than 1 seconds (startsecs)
2019-07-19 05:31:31,668 INFO success: schedule entered RUNNING state, process has stayed up for > than 1 seconds (startsecs)
2019-07-19 05:31:31,668 INFO success: uwsgi entered RUNNING state, process has stayed up for > than 1 seconds (startsecs)
2019-07-19 05:33:37,016 CRIT Supervisor is running as root.  Privileges were not dropped because no user is specified in the config file.  If you intend to run as root, you can set user=root in the config file to avoid this message.
2019-07-19 05:33:37,023 INFO RPC interface 'supervisor' initialized
2019-07-19 05:33:37,024 CRIT Server 'unix_http_server' running without any HTTP authentication checking
2019-07-19 05:33:37,032 INFO daemonizing the supervisord process
2019-07-19 05:33:37,033 INFO supervisord started with pid 99124
2019-07-19 05:33:38,037 INFO spawned: 'celery' with pid 99128
2019-07-19 05:33:38,039 INFO spawned: 'schedule' with pid 99129
2019-07-19 05:33:38,041 INFO spawned: 'uwsgi' with pid 99130
2019-07-19 05:33:39,116 INFO success: celery entered RUNNING state, process has stayed up for > than 1 seconds (startsecs)
2019-07-19 05:33:39,116 INFO success: schedule entered RUNNING state, process has stayed up for > than 1 seconds (startsecs)
2019-07-19 05:33:39,116 INFO success: uwsgi entered RUNNING state, process has stayed up for > than 1 seconds (startsecs)
2019-07-19 05:45:32,616 CRIT Supervisor is running as root.  Privileges were not dropped because no user is specified in the config file.  If you intend to run as root, you can set user=root in the config file to avoid this message.
2019-07-19 05:45:32,624 INFO RPC interface 'supervisor' initialized
2019-07-19 05:45:32,624 CRIT Server 'unix_http_server' running without any HTTP authentication checking
2019-07-19 05:45:32,632 INFO daemonizing the supervisord process
2019-07-19 05:45:32,633 INFO supervisord started with pid 102045
2019-07-19 05:45:33,635 INFO spawned: 'celery' with pid 102048
2019-07-19 05:45:33,637 INFO spawned: 'schedule' with pid 102049
2019-07-19 05:45:33,640 INFO spawned: 'uwsgi' with pid 102050
2019-07-19 05:45:34,742 INFO success: celery entered RUNNING state, process has stayed up for > than 1 seconds (startsecs)
2019-07-19 05:45:34,742 INFO success: schedule entered RUNNING state, process has stayed up for > than 1 seconds (startsecs)
2019-07-19 05:45:34,743 INFO success: uwsgi entered RUNNING state, process has stayed up for > than 1 seconds (startsecs)
2019-07-19 05:50:32,880 CRIT Supervisor is running as root.  Privileges were not dropped because no user is specified in the config file.  If you intend to run as root, you can set user=root in the config file to avoid this message.
2019-07-19 05:50:32,887 INFO RPC interface 'supervisor' initialized
2019-07-19 05:50:32,887 CRIT Server 'unix_http_server' running without any HTTP authentication checking
2019-07-19 05:50:32,895 INFO daemonizing the supervisord process
2019-07-19 05:50:32,896 INFO supervisord started with pid 103328
2019-07-19 05:50:33,899 INFO spawned: 'celery' with pid 103332
2019-07-19 05:50:33,901 INFO spawned: 'schedule' with pid 103333
2019-07-19 05:50:33,903 INFO spawned: 'uwsgi' with pid 103334
2019-07-19 05:50:34,970 INFO success: celery entered RUNNING state, process has stayed up for > than 1 seconds (startsecs)
2019-07-19 05:50:34,970 INFO success: schedule entered RUNNING state, process has stayed up for > than 1 seconds (startsecs)
2019-07-19 05:50:34,971 INFO success: uwsgi entered RUNNING state, process has stayed up for > than 1 seconds (startsecs)
2019-07-19 05:52:10,414 CRIT Supervisor is running as root.  Privileges were not dropped because no user is specified in the config file.  If you intend to run as root, you can set user=root in the config file to avoid this message.
2019-07-19 05:52:10,421 INFO RPC interface 'supervisor' initialized
2019-07-19 05:52:10,421 CRIT Server 'unix_http_server' running without any HTTP authentication checking
2019-07-19 05:52:10,429 INFO daemonizing the supervisord process
2019-07-19 05:52:10,430 INFO supervisord started with pid 103805
2019-07-19 05:52:11,433 INFO spawned: 'celery' with pid 103809
2019-07-19 05:52:11,436 INFO spawned: 'schedule' with pid 103810
2019-07-19 05:52:11,438 INFO spawned: 'uwsgi' with pid 103811
2019-07-19 05:52:12,511 INFO success: celery entered RUNNING state, process has stayed up for > than 1 seconds (startsecs)
2019-07-19 05:52:12,511 INFO success: schedule entered RUNNING state, process has stayed up for > than 1 seconds (startsecs)
2019-07-19 05:52:12,511 INFO success: uwsgi entered RUNNING state, process has stayed up for > than 1 seconds (startsecs)
2019-07-19 05:57:02,981 CRIT Supervisor is running as root.  Privileges were not dropped because no user is specified in the config file.  If you intend to run as root, you can set user=root in the config file to avoid this message.
2019-07-19 05:57:02,989 INFO RPC interface 'supervisor' initialized
2019-07-19 05:57:02,989 CRIT Server 'unix_http_server' running without any HTTP authentication checking
2019-07-19 05:57:02,996 INFO daemonizing the supervisord process
2019-07-19 05:57:02,997 INFO supervisord started with pid 105063
2019-07-19 05:57:04,001 INFO spawned: 'celery' with pid 105068
2019-07-19 05:57:04,003 INFO spawned: 'schedule' with pid 105069
2019-07-19 05:57:04,005 INFO spawned: 'uwsgi' with pid 105070
2019-07-19 05:57:05,082 INFO success: celery entered RUNNING state, process has stayed up for > than 1 seconds (startsecs)
2019-07-19 05:57:05,082 INFO success: schedule entered RUNNING state, process has stayed up for > than 1 seconds (startsecs)
2019-07-19 05:57:05,082 INFO success: uwsgi entered RUNNING state, process has stayed up for > than 1 seconds (startsecs)
2019-07-19 06:03:04,025 CRIT Supervisor is running as root.  Privileges were not dropped because no user is specified in the config file.  If you intend to run as root, you can set user=root in the config file to avoid this message.
2019-07-19 06:03:04,033 INFO RPC interface 'supervisor' initialized
2019-07-19 06:03:04,033 CRIT Server 'unix_http_server' running without any HTTP authentication checking
2019-07-19 06:03:04,041 INFO daemonizing the supervisord process
2019-07-19 06:03:04,042 INFO supervisord started with pid 106612
2019-07-19 06:03:05,045 INFO spawned: 'celery' with pid 106616
2019-07-19 06:03:05,048 INFO spawned: 'schedule' with pid 106617
2019-07-19 06:03:05,050 INFO spawned: 'uwsgi' with pid 106618
2019-07-19 06:03:06,110 INFO success: celery entered RUNNING state, process has stayed up for > than 1 seconds (startsecs)
2019-07-19 06:03:06,110 INFO success: schedule entered RUNNING state, process has stayed up for > than 1 seconds (startsecs)
2019-07-19 06:03:06,110 INFO success: uwsgi entered RUNNING state, process has stayed up for > than 1 seconds (startsecs)
2019-07-19 07:05:31,226 CRIT Supervisor is running as root.  Privileges were not dropped because no user is specified in the config file.  If you intend to run as root, you can set user=root in the config file to avoid this message.
2019-07-19 07:05:31,235 INFO RPC interface 'supervisor' initialized
2019-07-19 07:05:31,235 CRIT Server 'unix_http_server' running without any HTTP authentication checking
2019-07-19 07:05:31,242 INFO daemonizing the supervisord process
2019-07-19 07:05:31,244 INFO supervisord started with pid 121420
2019-07-19 07:05:32,247 INFO spawned: 'celery' with pid 121425
2019-07-19 07:05:32,250 INFO spawned: 'schedule' with pid 121426
2019-07-19 07:05:32,252 INFO spawned: 'uwsgi' with pid 121427
2019-07-19 07:05:33,352 INFO success: celery entered RUNNING state, process has stayed up for > than 1 seconds (startsecs)
2019-07-19 07:05:33,352 INFO success: schedule entered RUNNING state, process has stayed up for > than 1 seconds (startsecs)
2019-07-19 07:05:33,352 INFO success: uwsgi entered RUNNING state, process has stayed up for > than 1 seconds (startsecs)
2019-07-19 07:17:53,239 CRIT Supervisor is running as root.  Privileges were not dropped because no user is specified in the config file.  If you intend to run as root, you can set user=root in the config file to avoid this message.
2019-07-19 07:17:53,253 INFO RPC interface 'supervisor' initialized
2019-07-19 07:17:53,253 CRIT Server 'unix_http_server' running without any HTTP authentication checking
2019-07-19 07:17:53,260 INFO daemonizing the supervisord process
2019-07-19 07:17:53,261 INFO supervisord started with pid 124496
2019-07-19 07:17:54,265 INFO spawned: 'celery' with pid 124500
2019-07-19 07:17:54,267 INFO spawned: 'schedule' with pid 124501
2019-07-19 07:17:54,270 INFO spawned: 'uwsgi' with pid 124502
2019-07-19 07:17:55,340 INFO success: celery entered RUNNING state, process has stayed up for > than 1 seconds (startsecs)
2019-07-19 07:17:55,340 INFO success: schedule entered RUNNING state, process has stayed up for > than 1 seconds (startsecs)
2019-07-19 07:17:55,340 INFO success: uwsgi entered RUNNING state, process has stayed up for > than 1 seconds (startsecs)
2019-07-20 00:54:05,249 CRIT Supervisor is running as root.  Privileges were not dropped because no user is specified in the config file.  If you intend to run as root, you can set user=root in the config file to avoid this message.
2019-07-20 00:54:05,257 INFO RPC interface 'supervisor' initialized
2019-07-20 00:54:05,257 CRIT Server 'unix_http_server' running without any HTTP authentication checking
2019-07-20 00:54:05,265 INFO daemonizing the supervisord process
2019-07-20 00:54:05,266 INFO supervisord started with pid 30799
2019-07-20 00:54:06,272 INFO spawned: 'celery' with pid 30803
2019-07-20 00:54:06,274 INFO spawned: 'schedule' with pid 30804
2019-07-20 00:54:06,277 INFO spawned: 'uwsgi' with pid 30805
2019-07-20 00:54:07,392 INFO success: celery entered RUNNING state, process has stayed up for > than 1 seconds (startsecs)
2019-07-20 00:54:07,392 INFO success: schedule entered RUNNING state, process has stayed up for > than 1 seconds (startsecs)
2019-07-20 00:54:07,392 INFO success: uwsgi entered RUNNING state, process has stayed up for > than 1 seconds (startsecs)
2019-07-20 01:54:10,932 CRIT Supervisor is running as root.  Privileges were not dropped because no user is specified in the config file.  If you intend to run as root, you can set user=root in the config file to avoid this message.
2019-07-20 01:54:10,939 INFO RPC interface 'supervisor' initialized
2019-07-20 01:54:10,939 CRIT Server 'unix_http_server' running without any HTTP authentication checking
2019-07-20 01:54:10,947 INFO daemonizing the supervisord process
2019-07-20 01:54:10,948 INFO supervisord started with pid 44812
2019-07-20 01:54:11,954 INFO spawned: 'celery' with pid 44816
2019-07-20 01:54:11,959 INFO spawned: 'schedule' with pid 44817
2019-07-20 01:54:11,962 INFO spawned: 'uwsgi' with pid 44818
2019-07-20 01:54:13,096 INFO success: celery entered RUNNING state, process has stayed up for > than 1 seconds (startsecs)
2019-07-20 01:54:13,096 INFO success: schedule entered RUNNING state, process has stayed up for > than 1 seconds (startsecs)
2019-07-20 01:54:13,096 INFO success: uwsgi entered RUNNING state, process has stayed up for > than 1 seconds (startsecs)
2019-07-20 02:34:52,687 CRIT Supervisor is running as root.  Privileges were not dropped because no user is specified in the config file.  If you intend to run as root, you can set user=root in the config file to avoid this message.
2019-07-20 02:34:52,695 INFO RPC interface 'supervisor' initialized
2019-07-20 02:34:52,695 CRIT Server 'unix_http_server' running without any HTTP authentication checking
2019-07-20 02:34:52,702 INFO daemonizing the supervisord process
2019-07-20 02:34:52,704 INFO supervisord started with pid 54691
2019-07-20 02:34:53,708 INFO spawned: 'celery' with pid 54695
2019-07-20 02:34:53,712 INFO spawned: 'schedule' with pid 54696
2019-07-20 02:34:53,716 INFO spawned: 'uwsgi' with pid 54697
2019-07-20 02:34:54,825 INFO success: celery entered RUNNING state, process has stayed up for > than 1 seconds (startsecs)
2019-07-20 02:34:54,825 INFO success: schedule entered RUNNING state, process has stayed up for > than 1 seconds (startsecs)
2019-07-20 02:34:54,825 INFO success: uwsgi entered RUNNING state, process has stayed up for > than 1 seconds (startsecs)
2019-07-20 02:38:26,937 CRIT Supervisor is running as root.  Privileges were not dropped because no user is specified in the config file.  If you intend to run as root, you can set user=root in the config file to avoid this message.
2019-07-20 02:38:26,944 INFO RPC interface 'supervisor' initialized
2019-07-20 02:38:26,944 CRIT Server 'unix_http_server' running without any HTTP authentication checking
2019-07-20 02:38:26,951 INFO daemonizing the supervisord process
2019-07-20 02:38:26,952 INFO supervisord started with pid 55588
2019-07-20 02:38:27,957 INFO spawned: 'celery' with pid 55592
2019-07-20 02:38:27,960 INFO spawned: 'schedule' with pid 55593
2019-07-20 02:38:27,963 INFO spawned: 'uwsgi' with pid 55594
2019-07-20 02:38:29,031 INFO success: celery entered RUNNING state, process has stayed up for > than 1 seconds (startsecs)
2019-07-20 02:38:29,031 INFO success: schedule entered RUNNING state, process has stayed up for > than 1 seconds (startsecs)
2019-07-20 02:38:29,031 INFO success: uwsgi entered RUNNING state, process has stayed up for > than 1 seconds (startsecs)
2019-07-20 02:40:30,618 CRIT Supervisor is running as root.  Privileges were not dropped because no user is specified in the config file.  If you intend to run as root, you can set user=root in the config file to avoid this message.
2019-07-20 02:40:30,625 INFO RPC interface 'supervisor' initialized
2019-07-20 02:40:30,625 CRIT Server 'unix_http_server' running without any HTTP authentication checking
2019-07-20 02:40:30,632 INFO daemonizing the supervisord process
2019-07-20 02:40:30,633 INFO supervisord started with pid 56244
2019-07-20 02:40:31,640 INFO spawned: 'celery' with pid 56248
2019-07-20 02:40:31,642 INFO spawned: 'schedule' with pid 56249
2019-07-20 02:40:31,645 INFO spawned: 'uwsgi' with pid 56250
2019-07-20 02:40:32,726 INFO success: celery entered RUNNING state, process has stayed up for > than 1 seconds (startsecs)
2019-07-20 02:40:32,726 INFO success: schedule entered RUNNING state, process has stayed up for > than 1 seconds (startsecs)
2019-07-20 02:40:32,726 INFO success: uwsgi entered RUNNING state, process has stayed up for > than 1 seconds (startsecs)
2019-07-20 02:41:18,330 CRIT Supervisor is running as root.  Privileges were not dropped because no user is specified in the config file.  If you intend to run as root, you can set user=root in the config file to avoid this message.
2019-07-20 02:41:18,337 INFO RPC interface 'supervisor' initialized
2019-07-20 02:41:18,337 CRIT Server 'unix_http_server' running without any HTTP authentication checking
2019-07-20 02:41:18,345 INFO daemonizing the supervisord process
2019-07-20 02:41:18,345 INFO supervisord started with pid 56562
2019-07-20 02:41:19,350 INFO spawned: 'celery' with pid 56567
2019-07-20 02:41:19,352 INFO spawned: 'schedule' with pid 56568
2019-07-20 02:41:19,355 INFO spawned: 'uwsgi' with pid 56569
2019-07-20 02:41:20,428 INFO success: celery entered RUNNING state, process has stayed up for > than 1 seconds (startsecs)
2019-07-20 02:41:20,428 INFO success: schedule entered RUNNING state, process has stayed up for > than 1 seconds (startsecs)
2019-07-20 02:41:20,428 INFO success: uwsgi entered RUNNING state, process has stayed up for > than 1 seconds (startsecs)
2019-07-20 02:48:12,472 CRIT Supervisor is running as root.  Privileges were not dropped because no user is specified in the config file.  If you intend to run as root, you can set user=root in the config file to avoid this message.
2019-07-20 02:48:12,480 INFO RPC interface 'supervisor' initialized
2019-07-20 02:48:12,480 CRIT Server 'unix_http_server' running without any HTTP authentication checking
2019-07-20 02:48:12,488 INFO daemonizing the supervisord process
2019-07-20 02:48:12,490 INFO supervisord started with pid 58343
2019-07-20 02:48:13,494 INFO spawned: 'celery' with pid 58347
2019-07-20 02:48:13,497 INFO spawned: 'schedule' with pid 58348
2019-07-20 02:48:13,500 INFO spawned: 'uwsgi' with pid 58349
2019-07-20 02:48:14,547 INFO success: celery entered RUNNING state, process has stayed up for > than 1 seconds (startsecs)
2019-07-20 02:48:14,547 INFO success: schedule entered RUNNING state, process has stayed up for > than 1 seconds (startsecs)
2019-07-20 02:48:14,547 INFO success: uwsgi entered RUNNING state, process has stayed up for > than 1 seconds (startsecs)
2019-07-20 03:07:10,981 CRIT Supervisor is running as root.  Privileges were not dropped because no user is specified in the config file.  If you intend to run as root, you can set user=root in the config file to avoid this message.
2019-07-20 03:07:10,995 INFO RPC interface 'supervisor' initialized
2019-07-20 03:07:10,995 CRIT Server 'unix_http_server' running without any HTTP authentication checking
2019-07-20 03:07:11,003 INFO daemonizing the supervisord process
2019-07-20 03:07:11,004 INFO supervisord started with pid 62975
2019-07-20 03:07:12,010 INFO spawned: 'celery' with pid 62979
2019-07-20 03:07:12,013 INFO spawned: 'schedule' with pid 62980
2019-07-20 03:07:12,015 INFO spawned: 'uwsgi' with pid 62981
2019-07-20 03:07:13,035 INFO success: celery entered RUNNING state, process has stayed up for > than 1 seconds (startsecs)
2019-07-20 03:07:13,035 INFO success: schedule entered RUNNING state, process has stayed up for > than 1 seconds (startsecs)
2019-07-20 03:07:13,035 INFO success: uwsgi entered RUNNING state, process has stayed up for > than 1 seconds (startsecs)
2019-07-20 04:06:20,904 CRIT Supervisor is running as root.  Privileges were not dropped because no user is specified in the config file.  If you intend to run as root, you can set user=root in the config file to avoid this message.
2019-07-20 04:06:20,919 INFO RPC interface 'supervisor' initialized
2019-07-20 04:06:20,919 CRIT Server 'unix_http_server' running without any HTTP authentication checking
2019-07-20 04:06:20,932 INFO daemonizing the supervisord process
2019-07-20 04:06:20,933 INFO supervisord started with pid 77147
2019-07-20 04:06:21,937 INFO spawned: 'celery' with pid 77150
2019-07-20 04:06:21,941 INFO spawned: 'schedule' with pid 77151
2019-07-20 04:06:21,948 INFO spawned: 'uwsgi' with pid 77152
2019-07-20 04:06:23,150 INFO success: celery entered RUNNING state, process has stayed up for > than 1 seconds (startsecs)
2019-07-20 04:06:23,150 INFO success: schedule entered RUNNING state, process has stayed up for > than 1 seconds (startsecs)
2019-07-20 04:06:23,150 INFO success: uwsgi entered RUNNING state, process has stayed up for > than 1 seconds (startsecs)
2019-07-20 04:06:44,838 CRIT Supervisor is running as root.  Privileges were not dropped because no user is specified in the config file.  If you intend to run as root, you can set user=root in the config file to avoid this message.
2019-07-20 04:06:44,846 INFO RPC interface 'supervisor' initialized
2019-07-20 04:06:44,846 CRIT Server 'unix_http_server' running without any HTTP authentication checking
2019-07-20 04:06:44,854 INFO daemonizing the supervisord process
2019-07-20 04:06:44,855 INFO supervisord started with pid 77332
2019-07-20 04:06:45,859 INFO spawned: 'celery' with pid 77336
2019-07-20 04:06:45,862 INFO spawned: 'schedule' with pid 77337
2019-07-20 04:06:45,864 INFO spawned: 'uwsgi' with pid 77338
2019-07-20 04:06:46,937 INFO success: celery entered RUNNING state, process has stayed up for > than 1 seconds (startsecs)
2019-07-20 04:06:46,937 INFO success: schedule entered RUNNING state, process has stayed up for > than 1 seconds (startsecs)
2019-07-20 04:06:46,937 INFO success: uwsgi entered RUNNING state, process has stayed up for > than 1 seconds (startsecs)
2019-07-20 04:08:40,651 CRIT Supervisor is running as root.  Privileges were not dropped because no user is specified in the config file.  If you intend to run as root, you can set user=root in the config file to avoid this message.
2019-07-20 04:08:40,660 INFO RPC interface 'supervisor' initialized
2019-07-20 04:08:40,660 CRIT Server 'unix_http_server' running without any HTTP authentication checking
2019-07-20 04:08:40,668 INFO daemonizing the supervisord process
2019-07-20 04:08:40,669 INFO supervisord started with pid 77909
2019-07-20 04:08:41,672 INFO spawned: 'celery' with pid 77913
2019-07-20 04:08:41,675 INFO spawned: 'schedule' with pid 77914
2019-07-20 04:08:41,679 INFO spawned: 'uwsgi' with pid 77915
2019-07-20 04:08:42,782 INFO success: celery entered RUNNING state, process has stayed up for > than 1 seconds (startsecs)
2019-07-20 04:08:42,782 INFO success: schedule entered RUNNING state, process has stayed up for > than 1 seconds (startsecs)
2019-07-20 04:08:42,782 INFO success: uwsgi entered RUNNING state, process has stayed up for > than 1 seconds (startsecs)
2019-07-20 04:59:53,852 CRIT Supervisor is running as root.  Privileges were not dropped because no user is specified in the config file.  If you intend to run as root, you can set user=root in the config file to avoid this message.
2019-07-20 04:59:53,863 INFO RPC interface 'supervisor' initialized
2019-07-20 04:59:53,863 CRIT Server 'unix_http_server' running without any HTTP authentication checking
2019-07-20 04:59:53,871 INFO daemonizing the supervisord process
2019-07-20 04:59:53,872 INFO supervisord started with pid 89935
2019-07-20 04:59:54,876 INFO spawned: 'celery' with pid 89940
2019-07-20 04:59:54,880 INFO spawned: 'schedule' with pid 89941
2019-07-20 04:59:54,883 INFO spawned: 'uwsgi' with pid 89942
2019-07-20 04:59:55,987 INFO success: celery entered RUNNING state, process has stayed up for > than 1 seconds (startsecs)
2019-07-20 04:59:55,987 INFO success: schedule entered RUNNING state, process has stayed up for > than 1 seconds (startsecs)
2019-07-20 04:59:55,987 INFO success: uwsgi entered RUNNING state, process has stayed up for > than 1 seconds (startsecs)
2019-07-20 05:02:08,853 CRIT Supervisor is running as root.  Privileges were not dropped because no user is specified in the config file.  If you intend to run as root, you can set user=root in the config file to avoid this message.
2019-07-20 05:02:08,860 INFO RPC interface 'supervisor' initialized
2019-07-20 05:02:08,861 CRIT Server 'unix_http_server' running without any HTTP authentication checking
2019-07-20 05:02:08,868 INFO daemonizing the supervisord process
2019-07-20 05:02:08,869 INFO supervisord started with pid 90600
2019-07-20 05:02:09,873 INFO spawned: 'celery' with pid 90605
2019-07-20 05:02:09,875 INFO spawned: 'schedule' with pid 90606
2019-07-20 05:02:09,877 INFO spawned: 'uwsgi' with pid 90607
2019-07-20 05:02:10,924 INFO success: celery entered RUNNING state, process has stayed up for > than 1 seconds (startsecs)
2019-07-20 05:02:10,924 INFO success: schedule entered RUNNING state, process has stayed up for > than 1 seconds (startsecs)
2019-07-20 05:02:10,924 INFO success: uwsgi entered RUNNING state, process has stayed up for > than 1 seconds (startsecs)
2019-07-20 05:02:50,768 CRIT Supervisor is running as root.  Privileges were not dropped because no user is specified in the config file.  If you intend to run as root, you can set user=root in the config file to avoid this message.
2019-07-20 05:02:50,776 INFO RPC interface 'supervisor' initialized
2019-07-20 05:02:50,777 CRIT Server 'unix_http_server' running without any HTTP authentication checking
2019-07-20 05:02:50,785 INFO daemonizing the supervisord process
2019-07-20 05:02:50,786 INFO supervisord started with pid 90895
2019-07-20 05:02:51,789 INFO spawned: 'celery' with pid 90900
2019-07-20 05:02:51,791 INFO spawned: 'schedule' with pid 90901
2019-07-20 05:02:51,792 INFO spawned: 'uwsgi' with pid 90902
2019-07-20 05:02:52,864 INFO success: celery entered RUNNING state, process has stayed up for > than 1 seconds (startsecs)
2019-07-20 05:02:52,864 INFO success: schedule entered RUNNING state, process has stayed up for > than 1 seconds (startsecs)
2019-07-20 05:02:52,864 INFO success: uwsgi entered RUNNING state, process has stayed up for > than 1 seconds (startsecs)
2019-07-20 05:08:58,662 CRIT Supervisor is running as root.  Privileges were not dropped because no user is specified in the config file.  If you intend to run as root, you can set user=root in the config file to avoid this message.
2019-07-20 05:08:58,669 INFO RPC interface 'supervisor' initialized
2019-07-20 05:08:58,669 CRIT Server 'unix_http_server' running without any HTTP authentication checking
2019-07-20 05:08:58,676 INFO daemonizing the supervisord process
2019-07-20 05:08:58,677 INFO supervisord started with pid 92438
2019-07-20 05:08:59,682 INFO spawned: 'celery' with pid 92443
2019-07-20 05:08:59,684 INFO spawned: 'schedule' with pid 92444
2019-07-20 05:08:59,686 INFO spawned: 'uwsgi' with pid 92445
2019-07-20 05:09:00,794 INFO success: celery entered RUNNING state, process has stayed up for > than 1 seconds (startsecs)
2019-07-20 05:09:00,794 INFO success: schedule entered RUNNING state, process has stayed up for > than 1 seconds (startsecs)
2019-07-20 05:09:00,794 INFO success: uwsgi entered RUNNING state, process has stayed up for > than 1 seconds (startsecs)
2019-07-20 05:22:59,637 CRIT Supervisor is running as root.  Privileges were not dropped because no user is specified in the config file.  If you intend to run as root, you can set user=root in the config file to avoid this message.
2019-07-20 05:22:59,646 INFO RPC interface 'supervisor' initialized
2019-07-20 05:22:59,646 CRIT Server 'unix_http_server' running without any HTTP authentication checking
2019-07-20 05:22:59,653 INFO daemonizing the supervisord process
2019-07-20 05:22:59,655 INFO supervisord started with pid 95829
2019-07-20 05:23:00,658 INFO spawned: 'celery' with pid 95833
2019-07-20 05:23:00,660 INFO spawned: 'schedule' with pid 95834
2019-07-20 05:23:00,663 INFO spawned: 'uwsgi' with pid 95835
2019-07-20 05:23:01,734 INFO success: celery entered RUNNING state, process has stayed up for > than 1 seconds (startsecs)
2019-07-20 05:23:01,734 INFO success: schedule entered RUNNING state, process has stayed up for > than 1 seconds (startsecs)
2019-07-20 05:23:01,734 INFO success: uwsgi entered RUNNING state, process has stayed up for > than 1 seconds (startsecs)
2019-07-20 05:37:40,161 CRIT Supervisor is running as root.  Privileges were not dropped because no user is specified in the config file.  If you intend to run as root, you can set user=root in the config file to avoid this message.
2019-07-20 05:37:40,170 INFO RPC interface 'supervisor' initialized
2019-07-20 05:37:40,170 CRIT Server 'unix_http_server' running without any HTTP authentication checking
2019-07-20 05:37:40,178 INFO daemonizing the supervisord process
2019-07-20 05:37:40,179 INFO supervisord started with pid 99331
2019-07-20 05:37:41,183 INFO spawned: 'celery' with pid 99335
2019-07-20 05:37:41,185 INFO spawned: 'schedule' with pid 99336
2019-07-20 05:37:41,188 INFO spawned: 'uwsgi' with pid 99337
2019-07-20 05:37:42,294 INFO success: celery entered RUNNING state, process has stayed up for > than 1 seconds (startsecs)
2019-07-20 05:37:42,294 INFO success: schedule entered RUNNING state, process has stayed up for > than 1 seconds (startsecs)
2019-07-20 05:37:42,294 INFO success: uwsgi entered RUNNING state, process has stayed up for > than 1 seconds (startsecs)
2019-07-20 05:39:40,406 CRIT Supervisor is running as root.  Privileges were not dropped because no user is specified in the config file.  If you intend to run as root, you can set user=root in the config file to avoid this message.
2019-07-20 05:39:40,414 INFO RPC interface 'supervisor' initialized
2019-07-20 05:39:40,414 CRIT Server 'unix_http_server' running without any HTTP authentication checking
2019-07-20 05:39:40,423 INFO daemonizing the supervisord process
2019-07-20 05:39:40,424 INFO supervisord started with pid 99917
2019-07-20 05:39:41,429 INFO spawned: 'celery' with pid 99921
2019-07-20 05:39:41,431 INFO spawned: 'schedule' with pid 99922
2019-07-20 05:39:41,432 INFO spawned: 'uwsgi' with pid 99923
2019-07-20 05:39:42,495 INFO success: celery entered RUNNING state, process has stayed up for > than 1 seconds (startsecs)
2019-07-20 05:39:42,495 INFO success: schedule entered RUNNING state, process has stayed up for > than 1 seconds (startsecs)
2019-07-20 05:39:42,495 INFO success: uwsgi entered RUNNING state, process has stayed up for > than 1 seconds (startsecs)
2019-07-20 05:41:22,058 CRIT Supervisor is running as root.  Privileges were not dropped because no user is specified in the config file.  If you intend to run as root, you can set user=root in the config file to avoid this message.
2019-07-20 05:41:22,066 INFO RPC interface 'supervisor' initialized
2019-07-20 05:41:22,067 CRIT Server 'unix_http_server' running without any HTTP authentication checking
2019-07-20 05:41:22,074 INFO daemonizing the supervisord process
2019-07-20 05:41:22,075 INFO supervisord started with pid 100460
2019-07-20 05:41:23,079 INFO spawned: 'celery' with pid 100464
2019-07-20 05:41:23,082 INFO spawned: 'schedule' with pid 100465
2019-07-20 05:41:23,084 INFO spawned: 'uwsgi' with pid 100466
2019-07-20 05:41:24,149 INFO success: celery entered RUNNING state, process has stayed up for > than 1 seconds (startsecs)
2019-07-20 05:41:24,149 INFO success: schedule entered RUNNING state, process has stayed up for > than 1 seconds (startsecs)
2019-07-20 05:41:24,149 INFO success: uwsgi entered RUNNING state, process has stayed up for > than 1 seconds (startsecs)
2019-07-20 06:04:33,801 CRIT Supervisor is running as root.  Privileges were not dropped because no user is specified in the config file.  If you intend to run as root, you can set user=root in the config file to avoid this message.
2019-07-20 06:04:33,809 INFO RPC interface 'supervisor' initialized
2019-07-20 06:04:33,809 CRIT Server 'unix_http_server' running without any HTTP authentication checking
2019-07-20 06:04:33,817 INFO daemonizing the supervisord process
2019-07-20 06:04:33,817 INFO supervisord started with pid 105953
2019-07-20 06:04:34,829 INFO spawned: 'celery' with pid 105971
2019-07-20 06:04:34,831 INFO spawned: 'schedule' with pid 105972
2019-07-20 06:04:34,834 INFO spawned: 'uwsgi' with pid 105973
2019-07-20 06:04:35,969 INFO success: celery entered RUNNING state, process has stayed up for > than 1 seconds (startsecs)
2019-07-20 06:04:35,969 INFO success: schedule entered RUNNING state, process has stayed up for > than 1 seconds (startsecs)
2019-07-20 06:04:35,969 INFO success: uwsgi entered RUNNING state, process has stayed up for > than 1 seconds (startsecs)
2019-07-20 06:05:22,107 CRIT Supervisor is running as root.  Privileges were not dropped because no user is specified in the config file.  If you intend to run as root, you can set user=root in the config file to avoid this message.
2019-07-20 06:05:22,114 INFO RPC interface 'supervisor' initialized
2019-07-20 06:05:22,114 CRIT Server 'unix_http_server' running without any HTTP authentication checking
2019-07-20 06:05:22,121 INFO daemonizing the supervisord process
2019-07-20 06:05:22,123 INFO supervisord started with pid 106280
2019-07-20 06:05:23,126 INFO spawned: 'celery' with pid 106284
2019-07-20 06:05:23,128 INFO spawned: 'schedule' with pid 106285
2019-07-20 06:05:23,130 INFO spawned: 'uwsgi' with pid 106286
2019-07-20 06:05:24,184 INFO success: celery entered RUNNING state, process has stayed up for > than 1 seconds (startsecs)
2019-07-20 06:05:24,184 INFO success: schedule entered RUNNING state, process has stayed up for > than 1 seconds (startsecs)
2019-07-20 06:05:24,184 INFO success: uwsgi entered RUNNING state, process has stayed up for > than 1 seconds (startsecs)
2019-07-20 06:08:12,913 CRIT Supervisor is running as root.  Privileges were not dropped because no user is specified in the config file.  If you intend to run as root, you can set user=root in the config file to avoid this message.
2019-07-20 06:08:12,922 INFO RPC interface 'supervisor' initialized
2019-07-20 06:08:12,922 CRIT Server 'unix_http_server' running without any HTTP authentication checking
2019-07-20 06:08:12,930 INFO daemonizing the supervisord process
2019-07-20 06:08:12,931 INFO supervisord started with pid 107078
2019-07-20 06:08:13,935 INFO spawned: 'celery' with pid 107082
2019-07-20 06:08:13,937 INFO spawned: 'schedule' with pid 107083
2019-07-20 06:08:13,939 INFO spawned: 'uwsgi' with pid 107084
2019-07-20 06:08:15,016 INFO success: celery entered RUNNING state, process has stayed up for > than 1 seconds (startsecs)
2019-07-20 06:08:15,016 INFO success: schedule entered RUNNING state, process has stayed up for > than 1 seconds (startsecs)
2019-07-20 06:08:15,016 INFO success: uwsgi entered RUNNING state, process has stayed up for > than 1 seconds (startsecs)
2019-07-20 06:09:54,785 CRIT Supervisor is running as root.  Privileges were not dropped because no user is specified in the config file.  If you intend to run as root, you can set user=root in the config file to avoid this message.
2019-07-20 06:09:54,792 INFO RPC interface 'supervisor' initialized
2019-07-20 06:09:54,793 CRIT Server 'unix_http_server' running without any HTTP authentication checking
2019-07-20 06:09:54,800 INFO daemonizing the supervisord process
2019-07-20 06:09:54,801 INFO supervisord started with pid 107607
2019-07-20 06:09:55,806 INFO spawned: 'celery' with pid 107612
2019-07-20 06:09:55,808 INFO spawned: 'schedule' with pid 107613
2019-07-20 06:09:55,810 INFO spawned: 'uwsgi' with pid 107614
2019-07-20 06:09:56,886 INFO success: celery entered RUNNING state, process has stayed up for > than 1 seconds (startsecs)
2019-07-20 06:09:56,886 INFO success: schedule entered RUNNING state, process has stayed up for > than 1 seconds (startsecs)
2019-07-20 06:09:56,886 INFO success: uwsgi entered RUNNING state, process has stayed up for > than 1 seconds (startsecs)
2019-07-20 06:32:46,200 CRIT Supervisor is running as root.  Privileges were not dropped because no user is specified in the config file.  If you intend to run as root, you can set user=root in the config file to avoid this message.
2019-07-20 06:32:46,213 INFO RPC interface 'supervisor' initialized
2019-07-20 06:32:46,213 CRIT Server 'unix_http_server' running without any HTTP authentication checking
2019-07-20 06:32:46,221 INFO daemonizing the supervisord process
2019-07-20 06:32:46,222 INFO supervisord started with pid 113018
2019-07-20 06:32:47,227 INFO spawned: 'celery' with pid 113022
2019-07-20 06:32:47,229 INFO spawned: 'schedule' with pid 113023
2019-07-20 06:32:47,232 INFO spawned: 'uwsgi' with pid 113024
2019-07-20 06:32:48,319 INFO success: celery entered RUNNING state, process has stayed up for > than 1 seconds (startsecs)
2019-07-20 06:32:48,319 INFO success: schedule entered RUNNING state, process has stayed up for > than 1 seconds (startsecs)
2019-07-20 06:32:48,319 INFO success: uwsgi entered RUNNING state, process has stayed up for > than 1 seconds (startsecs)
2019-07-20 06:34:23,166 CRIT Supervisor is running as root.  Privileges were not dropped because no user is specified in the config file.  If you intend to run as root, you can set user=root in the config file to avoid this message.
2019-07-20 06:34:23,174 INFO RPC interface 'supervisor' initialized
2019-07-20 06:34:23,174 CRIT Server 'unix_http_server' running without any HTTP authentication checking
2019-07-20 06:34:23,182 INFO daemonizing the supervisord process
2019-07-20 06:34:23,183 INFO supervisord started with pid 113536
2019-07-20 06:34:24,187 INFO spawned: 'celery' with pid 113540
2019-07-20 06:34:24,189 INFO spawned: 'schedule' with pid 113541
2019-07-20 06:34:24,191 INFO spawned: 'uwsgi' with pid 113542
2019-07-20 06:34:25,279 INFO success: celery entered RUNNING state, process has stayed up for > than 1 seconds (startsecs)
2019-07-20 06:34:25,279 INFO success: schedule entered RUNNING state, process has stayed up for > than 1 seconds (startsecs)
2019-07-20 06:34:25,279 INFO success: uwsgi entered RUNNING state, process has stayed up for > than 1 seconds (startsecs)
2019-07-20 06:35:05,571 CRIT Supervisor is running as root.  Privileges were not dropped because no user is specified in the config file.  If you intend to run as root, you can set user=root in the config file to avoid this message.
2019-07-20 06:35:05,579 INFO RPC interface 'supervisor' initialized
2019-07-20 06:35:05,579 CRIT Server 'unix_http_server' running without any HTTP authentication checking
2019-07-20 06:35:05,586 INFO daemonizing the supervisord process
2019-07-20 06:35:05,587 INFO supervisord started with pid 113791
2019-07-20 06:35:06,591 INFO spawned: 'celery' with pid 113795
2019-07-20 06:35:06,592 INFO spawned: 'schedule' with pid 113796
2019-07-20 06:35:06,594 INFO spawned: 'uwsgi' with pid 113797
2019-07-20 06:35:07,667 INFO success: celery entered RUNNING state, process has stayed up for > than 1 seconds (startsecs)
2019-07-20 06:35:07,667 INFO success: schedule entered RUNNING state, process has stayed up for > than 1 seconds (startsecs)
2019-07-20 06:35:07,667 INFO success: uwsgi entered RUNNING state, process has stayed up for > than 1 seconds (startsecs)
2019-07-20 06:40:24,699 CRIT Supervisor is running as root.  Privileges were not dropped because no user is specified in the config file.  If you intend to run as root, you can set user=root in the config file to avoid this message.
2019-07-20 06:40:24,706 INFO RPC interface 'supervisor' initialized
2019-07-20 06:40:24,706 CRIT Server 'unix_http_server' running without any HTTP authentication checking
2019-07-20 06:40:24,714 INFO daemonizing the supervisord process
2019-07-20 06:40:24,715 INFO supervisord started with pid 115190
2019-07-20 06:40:25,720 INFO spawned: 'celery' with pid 115194
2019-07-20 06:40:25,723 INFO spawned: 'schedule' with pid 115195
2019-07-20 06:40:25,727 INFO spawned: 'uwsgi' with pid 115196
2019-07-20 06:40:26,814 INFO success: celery entered RUNNING state, process has stayed up for > than 1 seconds (startsecs)
2019-07-20 06:40:26,814 INFO success: schedule entered RUNNING state, process has stayed up for > than 1 seconds (startsecs)
2019-07-20 06:40:26,814 INFO success: uwsgi entered RUNNING state, process has stayed up for > than 1 seconds (startsecs)
2019-07-20 06:49:38,980 CRIT Supervisor is running as root.  Privileges were not dropped because no user is specified in the config file.  If you intend to run as root, you can set user=root in the config file to avoid this message.
2019-07-20 06:49:38,988 INFO RPC interface 'supervisor' initialized
2019-07-20 06:49:38,988 CRIT Server 'unix_http_server' running without any HTTP authentication checking
2019-07-20 06:49:38,996 INFO daemonizing the supervisord process
2019-07-20 06:49:38,997 INFO supervisord started with pid 117471
2019-07-20 06:49:40,000 INFO spawned: 'celery' with pid 117475
2019-07-20 06:49:40,003 INFO spawned: 'schedule' with pid 117476
2019-07-20 06:49:40,006 INFO spawned: 'uwsgi' with pid 117477
2019-07-20 06:49:41,109 INFO success: celery entered RUNNING state, process has stayed up for > than 1 seconds (startsecs)
2019-07-20 06:49:41,110 INFO success: schedule entered RUNNING state, process has stayed up for > than 1 seconds (startsecs)
2019-07-20 06:49:41,110 INFO success: uwsgi entered RUNNING state, process has stayed up for > than 1 seconds (startsecs)
2019-07-20 06:50:45,909 CRIT Supervisor is running as root.  Privileges were not dropped because no user is specified in the config file.  If you intend to run as root, you can set user=root in the config file to avoid this message.
2019-07-20 06:50:45,917 INFO RPC interface 'supervisor' initialized
2019-07-20 06:50:45,917 CRIT Server 'unix_http_server' running without any HTTP authentication checking
2019-07-20 06:50:45,924 INFO daemonizing the supervisord process
2019-07-20 06:50:45,925 INFO supervisord started with pid 117855
2019-07-20 06:50:46,927 INFO spawned: 'celery' with pid 117859
2019-07-20 06:50:46,929 INFO spawned: 'schedule' with pid 117860
2019-07-20 06:50:46,931 INFO spawned: 'uwsgi' with pid 117861
2019-07-20 06:50:47,999 INFO success: celery entered RUNNING state, process has stayed up for > than 1 seconds (startsecs)
2019-07-20 06:50:47,999 INFO success: schedule entered RUNNING state, process has stayed up for > than 1 seconds (startsecs)
2019-07-20 06:50:47,999 INFO success: uwsgi entered RUNNING state, process has stayed up for > than 1 seconds (startsecs)
2019-07-20 07:01:11,348 CRIT Supervisor is running as root.  Privileges were not dropped because no user is specified in the config file.  If you intend to run as root, you can set user=root in the config file to avoid this message.
2019-07-20 07:01:11,356 INFO RPC interface 'supervisor' initialized
2019-07-20 07:01:11,357 CRIT Server 'unix_http_server' running without any HTTP authentication checking
2019-07-20 07:01:11,364 INFO daemonizing the supervisord process
2019-07-20 07:01:11,365 INFO supervisord started with pid 120436
2019-07-20 07:01:12,369 INFO spawned: 'celery' with pid 120440
2019-07-20 07:01:12,372 INFO spawned: 'schedule' with pid 120441
2019-07-20 07:01:12,375 INFO spawned: 'uwsgi' with pid 120442
2019-07-20 07:01:13,515 INFO success: celery entered RUNNING state, process has stayed up for > than 1 seconds (startsecs)
2019-07-20 07:01:13,515 INFO success: schedule entered RUNNING state, process has stayed up for > than 1 seconds (startsecs)
2019-07-20 07:01:13,515 INFO success: uwsgi entered RUNNING state, process has stayed up for > than 1 seconds (startsecs)
2019-07-20 07:11:06,116 CRIT Supervisor is running as root.  Privileges were not dropped because no user is specified in the config file.  If you intend to run as root, you can set user=root in the config file to avoid this message.
2019-07-20 07:11:06,124 INFO RPC interface 'supervisor' initialized
2019-07-20 07:11:06,124 CRIT Server 'unix_http_server' running without any HTTP authentication checking
2019-07-20 07:11:06,132 INFO daemonizing the supervisord process
2019-07-20 07:11:06,133 INFO supervisord started with pid 122868
2019-07-20 07:11:07,136 INFO spawned: 'celery' with pid 122872
2019-07-20 07:11:07,138 INFO spawned: 'schedule' with pid 122873
2019-07-20 07:11:07,141 INFO spawned: 'uwsgi' with pid 122874
2019-07-20 07:11:08,242 INFO success: celery entered RUNNING state, process has stayed up for > than 1 seconds (startsecs)
2019-07-20 07:11:08,242 INFO success: schedule entered RUNNING state, process has stayed up for > than 1 seconds (startsecs)
2019-07-20 07:11:08,242 INFO success: uwsgi entered RUNNING state, process has stayed up for > than 1 seconds (startsecs)
2019-07-20 07:52:08,669 CRIT Supervisor is running as root.  Privileges were not dropped because no user is specified in the config file.  If you intend to run as root, you can set user=root in the config file to avoid this message.
2019-07-20 07:52:08,677 INFO RPC interface 'supervisor' initialized
2019-07-20 07:52:08,677 CRIT Server 'unix_http_server' running without any HTTP authentication checking
2019-07-20 07:52:08,685 INFO daemonizing the supervisord process
2019-07-20 07:52:08,686 INFO supervisord started with pid 1756
2019-07-20 07:52:09,691 INFO spawned: 'celery' with pid 1760
2019-07-20 07:52:09,696 INFO spawned: 'schedule' with pid 1761
2019-07-20 07:52:09,700 INFO spawned: 'uwsgi' with pid 1762
2019-07-20 07:52:10,842 INFO success: celery entered RUNNING state, process has stayed up for > than 1 seconds (startsecs)
2019-07-20 07:52:10,842 INFO success: schedule entered RUNNING state, process has stayed up for > than 1 seconds (startsecs)
2019-07-20 07:52:10,842 INFO success: uwsgi entered RUNNING state, process has stayed up for > than 1 seconds (startsecs)
2019-07-20 08:05:47,240 CRIT Supervisor is running as root.  Privileges were not dropped because no user is specified in the config file.  If you intend to run as root, you can set user=root in the config file to avoid this message.
2019-07-20 08:05:47,247 INFO RPC interface 'supervisor' initialized
2019-07-20 08:05:47,247 CRIT Server 'unix_http_server' running without any HTTP authentication checking
2019-07-20 08:05:47,254 INFO daemonizing the supervisord process
2019-07-20 08:05:47,255 INFO supervisord started with pid 5072
2019-07-20 08:05:48,261 INFO spawned: 'celery' with pid 5076
2019-07-20 08:05:48,264 INFO spawned: 'schedule' with pid 5077
2019-07-20 08:05:48,268 INFO spawned: 'uwsgi' with pid 5078
2019-07-20 08:05:49,335 INFO success: celery entered RUNNING state, process has stayed up for > than 1 seconds (startsecs)
2019-07-20 08:05:49,335 INFO success: schedule entered RUNNING state, process has stayed up for > than 1 seconds (startsecs)
2019-07-20 08:05:49,335 INFO success: uwsgi entered RUNNING state, process has stayed up for > than 1 seconds (startsecs)
2019-07-20 10:57:03,479 CRIT Supervisor is running as root.  Privileges were not dropped because no user is specified in the config file.  If you intend to run as root, you can set user=root in the config file to avoid this message.
2019-07-20 10:57:03,492 INFO RPC interface 'supervisor' initialized
2019-07-20 10:57:03,492 CRIT Server 'unix_http_server' running without any HTTP authentication checking
2019-07-20 10:57:03,500 INFO daemonizing the supervisord process
2019-07-20 10:57:03,501 INFO supervisord started with pid 29672
2019-07-20 10:57:04,505 INFO spawned: 'celery' with pid 29676
2019-07-20 10:57:04,508 INFO spawned: 'schedule' with pid 29677
2019-07-20 10:57:04,510 INFO spawned: 'uwsgi' with pid 29678
2019-07-20 10:57:05,603 INFO success: celery entered RUNNING state, process has stayed up for > than 1 seconds (startsecs)
2019-07-20 10:57:05,603 INFO success: schedule entered RUNNING state, process has stayed up for > than 1 seconds (startsecs)
2019-07-20 10:57:05,603 INFO success: uwsgi entered RUNNING state, process has stayed up for > than 1 seconds (startsecs)
2019-07-20 21:54:18,725 CRIT Supervisor is running as root.  Privileges were not dropped because no user is specified in the config file.  If you intend to run as root, you can set user=root in the config file to avoid this message.
2019-07-20 21:54:18,737 INFO RPC interface 'supervisor' initialized
2019-07-20 21:54:18,737 CRIT Server 'unix_http_server' running without any HTTP authentication checking
2019-07-20 21:54:18,745 INFO daemonizing the supervisord process
2019-07-20 21:54:18,746 INFO supervisord started with pid 36813
2019-07-20 21:54:19,750 INFO spawned: 'celery' with pid 36817
2019-07-20 21:54:19,754 INFO spawned: 'schedule' with pid 36818
2019-07-20 21:54:19,756 INFO spawned: 'uwsgi' with pid 36819
2019-07-20 21:54:20,894 INFO success: celery entered RUNNING state, process has stayed up for > than 1 seconds (startsecs)
2019-07-20 21:54:20,895 INFO success: schedule entered RUNNING state, process has stayed up for > than 1 seconds (startsecs)
2019-07-20 21:54:20,895 INFO success: uwsgi entered RUNNING state, process has stayed up for > than 1 seconds (startsecs)
2019-07-20 22:29:41,973 CRIT Supervisor is running as root.  Privileges were not dropped because no user is specified in the config file.  If you intend to run as root, you can set user=root in the config file to avoid this message.
2019-07-20 22:29:41,993 INFO RPC interface 'supervisor' initialized
2019-07-20 22:29:41,993 CRIT Server 'unix_http_server' running without any HTTP authentication checking
2019-07-20 22:29:41,996 INFO daemonizing the supervisord process
2019-07-20 22:29:41,998 INFO supervisord started with pid 45182
2019-07-20 22:29:43,002 INFO spawned: 'celery' with pid 45185
2019-07-20 22:29:43,004 INFO spawned: 'schedule' with pid 45186
2019-07-20 22:29:43,006 INFO spawned: 'uwsgi' with pid 45187
2019-07-20 22:29:44,138 INFO success: celery entered RUNNING state, process has stayed up for > than 1 seconds (startsecs)
2019-07-20 22:29:44,138 INFO success: schedule entered RUNNING state, process has stayed up for > than 1 seconds (startsecs)
2019-07-20 22:29:44,138 INFO success: uwsgi entered RUNNING state, process has stayed up for > than 1 seconds (startsecs)
2019-07-20 22:35:08,585 CRIT Supervisor is running as root.  Privileges were not dropped because no user is specified in the config file.  If you intend to run as root, you can set user=root in the config file to avoid this message.
2019-07-20 22:35:08,596 INFO RPC interface 'supervisor' initialized
2019-07-20 22:35:08,596 CRIT Server 'unix_http_server' running without any HTTP authentication checking
2019-07-20 22:35:08,604 INFO daemonizing the supervisord process
2019-07-20 22:35:08,605 INFO supervisord started with pid 46585
2019-07-20 22:35:09,612 INFO spawned: 'celery' with pid 46589
2019-07-20 22:35:09,618 INFO spawned: 'schedule' with pid 46590
2019-07-20 22:35:09,622 INFO spawned: 'uwsgi' with pid 46591
2019-07-20 22:35:10,720 INFO success: celery entered RUNNING state, process has stayed up for > than 1 seconds (startsecs)
2019-07-20 22:35:10,720 INFO success: schedule entered RUNNING state, process has stayed up for > than 1 seconds (startsecs)
2019-07-20 22:35:10,720 INFO success: uwsgi entered RUNNING state, process has stayed up for > than 1 seconds (startsecs)
2019-07-20 23:57:14,151 CRIT Supervisor is running as root.  Privileges were not dropped because no user is specified in the config file.  If you intend to run as root, you can set user=root in the config file to avoid this message.
2019-07-20 23:57:14,164 INFO RPC interface 'supervisor' initialized
2019-07-20 23:57:14,164 CRIT Server 'unix_http_server' running without any HTTP authentication checking
2019-07-20 23:57:14,174 INFO daemonizing the supervisord process
2019-07-20 23:57:14,175 INFO supervisord started with pid 68215
2019-07-20 23:57:15,180 INFO spawned: 'celery' with pid 68219
2019-07-20 23:57:15,183 INFO spawned: 'schedule' with pid 68220
2019-07-20 23:57:15,188 INFO spawned: 'uwsgi' with pid 68221
2019-07-20 23:57:16,339 INFO success: celery entered RUNNING state, process has stayed up for > than 1 seconds (startsecs)
2019-07-20 23:57:16,339 INFO success: schedule entered RUNNING state, process has stayed up for > than 1 seconds (startsecs)
2019-07-20 23:57:16,339 INFO success: uwsgi entered RUNNING state, process has stayed up for > than 1 seconds (startsecs)
2019-07-21 02:36:52,012 CRIT Supervisor is running as root.  Privileges were not dropped because no user is specified in the config file.  If you intend to run as root, you can set user=root in the config file to avoid this message.
2019-07-21 02:36:52,030 INFO RPC interface 'supervisor' initialized
2019-07-21 02:36:52,030 CRIT Server 'unix_http_server' running without any HTTP authentication checking
2019-07-21 02:36:52,041 INFO daemonizing the supervisord process
2019-07-21 02:36:52,042 INFO supervisord started with pid 101742
2019-07-21 02:36:53,045 INFO spawned: 'celery' with pid 101746
2019-07-21 02:36:53,048 INFO spawned: 'schedule' with pid 101747
2019-07-21 02:36:53,050 INFO spawned: 'uwsgi' with pid 101748
2019-07-21 02:36:54,218 INFO success: celery entered RUNNING state, process has stayed up for > than 1 seconds (startsecs)
2019-07-21 02:36:54,219 INFO success: schedule entered RUNNING state, process has stayed up for > than 1 seconds (startsecs)
2019-07-21 02:36:54,219 INFO success: uwsgi entered RUNNING state, process has stayed up for > than 1 seconds (startsecs)
2019-07-21 02:43:40,435 CRIT Supervisor is running as root.  Privileges were not dropped because no user is specified in the config file.  If you intend to run as root, you can set user=root in the config file to avoid this message.
2019-07-21 02:43:40,445 INFO RPC interface 'supervisor' initialized
2019-07-21 02:43:40,445 CRIT Server 'unix_http_server' running without any HTTP authentication checking
2019-07-21 02:43:40,453 INFO daemonizing the supervisord process
2019-07-21 02:43:40,454 INFO supervisord started with pid 103459
2019-07-21 02:43:41,458 INFO spawned: 'celery' with pid 103464
2019-07-21 02:43:41,461 INFO spawned: 'schedule' with pid 103465
2019-07-21 02:43:41,464 INFO spawned: 'uwsgi' with pid 103466
2019-07-21 02:43:42,569 INFO success: celery entered RUNNING state, process has stayed up for > than 1 seconds (startsecs)
2019-07-21 02:43:42,569 INFO success: schedule entered RUNNING state, process has stayed up for > than 1 seconds (startsecs)
2019-07-21 02:43:42,569 INFO success: uwsgi entered RUNNING state, process has stayed up for > than 1 seconds (startsecs)
2019-07-21 02:44:04,478 CRIT Supervisor is running as root.  Privileges were not dropped because no user is specified in the config file.  If you intend to run as root, you can set user=root in the config file to avoid this message.
2019-07-21 02:44:04,487 INFO RPC interface 'supervisor' initialized
2019-07-21 02:44:04,487 CRIT Server 'unix_http_server' running without any HTTP authentication checking
2019-07-21 02:44:04,495 INFO daemonizing the supervisord process
2019-07-21 02:44:04,496 INFO supervisord started with pid 103652
2019-07-21 02:44:05,504 INFO spawned: 'celery' with pid 103656
2019-07-21 02:44:05,508 INFO spawned: 'schedule' with pid 103657
2019-07-21 02:44:05,514 INFO spawned: 'uwsgi' with pid 103658
2019-07-21 02:44:06,685 INFO success: celery entered RUNNING state, process has stayed up for > than 1 seconds (startsecs)
2019-07-21 02:44:06,685 INFO success: schedule entered RUNNING state, process has stayed up for > than 1 seconds (startsecs)
2019-07-21 02:44:06,685 INFO success: uwsgi entered RUNNING state, process has stayed up for > than 1 seconds (startsecs)
